app/build/outputs/logs/manifest-merger-debug-report.txt
-- Merging decision tree log ---
manifest
ADDED from src\main\AndroidManifest.xml:2:1-30:12
INJECTED from src\main\AndroidManifest.xml:2:1-30:12
INJECTED from src\main\AndroidManifest.xml:2:1-30:12
INJECTED from src\main\AndroidManifest.xml:2:1-30:12
INJECTED from src\main\AndroidManifest.xml:2:1-30:12
INJECTED from src\main\AndroidManifest.xml:2:1-30:12
INJECTED from src\main\AndroidManifest.xml:2:1-30:12
	package
		ADDED from src\main\AndroidManifest.xml:3:5-32
		INJECTED from src\main\AndroidManifest.xml
		INJECTED from src\main\AndroidManifest.xml
	android:versionName
		ADDED from src\main\AndroidManifest.xml:5:5-30
		INJECTED from src\main\AndroidManifest.xml
		INJECTED from src\main\AndroidManifest.xml
	xmlns:android
		ADDED from src\main\AndroidManifest.xml:2:11-69
	android:versionCode
		ADDED from src\main\AndroidManifest.xml:4:5-28
		INJECTED from src\main\AndroidManifest.xml
		INJECTED from src\main\AndroidManifest.xml
uses-sdk
ADDED from src\main\AndroidManifest.xml:7:5-72
INJECTED from src\main\AndroidManifest.xml:7:5-72
INJECTED from src\main\AndroidManifest.xml:7:5-72
INJECTED from src\main\AndroidManifest.xml:7:5-72
INJECTED from src\main\AndroidManifest.xml:7:5-72
	android:targetSdkVersion
		ADDED from src\main\AndroidManifest.xml:7:41-70
		INJECTED from src\main\AndroidManifest.xml
		INJECTED from src\main\AndroidManifest.xml
	android:minSdkVersion
		ADDED from src\main\AndroidManifest.xml:7:15-40
		INJECTED from src\main\AndroidManifest.xml
		INJECTED from src\main\AndroidManifest.xml
application
ADDED from src\main\AndroidManifest.xml:9:5-28:19
	android:label
		ADDED from src\main\AndroidManifest.xml:11:9-41
	android:icon
		ADDED from src\main\AndroidManifest.xml:10:9-45
activity#mforv.progs.japan.JapTutorActivity
ADDED from src\main\AndroidManifest.xml:12:9-20:20
	android:label
		ADDED from src\main\AndroidManifest.xml:14:13-45
	android:theme
		ADDED from src\main\AndroidManifest.xml:14:46-88
	android:name
		ADDED from src\main\AndroidManifest.xml:13:13-45
intent-filter#android.intent.action.MAIN+android.intent.category.LAUNCHER
ADDED from src\main\AndroidManifest.xml:15:13-19:29
action#android.intent.action.MAIN
ADDED from src\main\AndroidManifest.xml:16:17-69
	android:name
		ADDED from src\main\AndroidManifest.xml:16:25-66
category#android.intent.category.LAUNCHER
ADDED from src\main\AndroidManifest.xml:18:17-77
	android:name
		ADDED from src\main\AndroidManifest.xml:18:27-74
activity#mforv.progs.japan.Tutoring
ADDED from src\main\AndroidManifest.xml:21:9-174
	android:label
		ADDED from src\main\AndroidManifest.xml:21:43-83
	android:configChanges
		ADDED from src\main\AndroidManifest.xml:21:127-162
	android:theme
		ADDED from src\main\AndroidManifest.xml:21:84-126
	android:name
		ADDED from src\main\AndroidManifest.xml:21:19-42
activity#mforv.progs.japan.TestBody
ADDED from src\main\AndroidManifest.xml:22:9-174
	android:label
		ADDED from src\main\AndroidManifest.xml:22:43-83
	android:configChanges
		ADDED from src\main\AndroidManifest.xml:22:127-162
	android:theme
		ADDED from src\main\AndroidManifest.xml:22:84-126
	android:name
		ADDED from src\main\AndroidManifest.xml:22:19-42
activity#mforv.progs.japan.TestPrep
ADDED from src\main\AndroidManifest.xml:23:9-138
	android:label
		ADDED from src\main\AndroidManifest.xml:23:43-83
	android:theme
		ADDED from src\main\AndroidManifest.xml:23:84-126
	android:name
		ADDED from src\main\AndroidManifest.xml:23:19-42
activity#mforv.progs.japan.ContentsActivity
ADDED from src\main\AndroidManifest.xml:24:9-146
	android:label
		ADDED from src\main\AndroidManifest.xml:24:62-102
	android:theme
		ADDED from src\main\AndroidManifest.xml:24:19-61
	android:name
		ADDED from src\main\AndroidManifest.xml:24:103-134
activity#mforv.progs.japan.StatisticsActivity
ADDED from src\main\AndroidManifest.xml:25:9-150
	android:label
		ADDED from src\main\AndroidManifest.xml:25:62-104
	android:theme
		ADDED from src\main\AndroidManifest.xml:25:19-61
	android:name
		ADDED from src\main\AndroidManifest.xml:25:105-138
activity#mforv.progs.japan.PreferencesActivtity
ADDED from src\main\AndroidManifest.xml:26:9-150
	android:label
		ADDED from src\main\AndroidManifest.xml:26:19-59
	android:theme
		ADDED from src\main\AndroidManifest.xml:26:96-138
	android:name
		ADDED from src\main\AndroidManifest.xml:26:60-95
activity#mforv.progs.japan.AboutActivity
ADDED from src\main\AndroidManifest.xml:27:9-98
	android:label
		ADDED from src\main\AndroidManifest.xml:27:48-86
	android:name
		ADDED from src\main\AndroidManifest.xml:27:19-47